0 info it worked if it ends with ok
1 verbose cli [ 'node', '/usr/local/bin/npm', 'version', 'major' ]
2 info using npm@1.3.14
3 info using node@v0.10.21
4 error Error: Git working directory not clean.
4 error M README.md
4 error M index.js
4 error M package.json
4 error     at /usr/local/lib/node_modules/npm/lib/version.js:97:35
4 error     at ChildProcess.exithandler (child_process.js:635:7)
4 error     at ChildProcess.EventEmitter.emit (events.js:98:17)
4 error     at maybeClose (child_process.js:735:16)
4 error     at Socket.<anonymous> (child_process.js:948:11)
4 error     at Socket.EventEmitter.emit (events.js:95:17)
4 error     at Pipe.close (net.js:466:12)
5 error If you need help, you may report this log at:
5 error     <http://github.com/isaacs/npm/issues>
5 error or email it to:
5 error     <npm-@googlegroups.com>
6 error System Darwin 13.0.2
7 error command "node" "/usr/local/bin/npm" "version" "major"
8 error cwd /Users/chford/code/yargs
9 error node -v v0.10.21
10 error npm -v 1.3.14
11 verbose exit [ 1, true ]
